  glm.cpp
d:\computer science\computer graphics\104062106_hw_3\cg_hw3_framework\cghw3\studentid_hw_x\cg_hw1\cg_hw1\glm.cpp(187): warning C4996: 'strdup': The POSIX name for this item is deprecated. Instead, use the ISO C and C++ conformant name: _strdup. See online help for details.
  c:\program files (x86)\windows kits\10\include\10.0.16299.0\ucrt\string.h(538): note: see declaration of 'strdup'
d:\computer science\computer graphics\104062106_hw_3\cg_hw3_framework\cghw3\studentid_hw_x\cg_hw1\cg_hw1\glm.cpp(232): warning C4996: 'strdup': The POSIX name for this item is deprecated. Instead, use the ISO C and C++ conformant name: _strdup. See online help for details.
  c:\program files (x86)\windows kits\10\include\10.0.16299.0\ucrt\string.h(538): note: see declaration of 'strdup'
d:\computer science\computer graphics\104062106_hw_3\cg_hw3_framework\cghw3\studentid_hw_x\cg_hw1\cg_hw1\glm.cpp(260): warning C4996: 'strcpy': This function or variable may be unsafe. Consider using strcpy_s instead. To disable deprecation, use _CRT_SECURE_NO_WARNINGS. See online help for details.
  c:\program files (x86)\windows kits\10\include\10.0.16299.0\ucrt\string.h(132): note: see declaration of 'strcpy'
d:\computer science\computer graphics\104062106_hw_3\cg_hw3_framework\cghw3\studentid_hw_x\cg_hw1\cg_hw1\glm.cpp(261): warning C4996: 'strcat': This function or variable may be unsafe. Consider using strcat_s instead. To disable deprecation, use _CRT_SECURE_NO_WARNINGS. See online help for details.
  c:\program files (x86)\windows kits\10\include\10.0.16299.0\ucrt\string.h(89): note: see declaration of 'strcat'
d:\computer science\computer graphics\104062106_hw_3\cg_hw3_framework\cghw3\studentid_hw_x\cg_hw1\cg_hw1\glm.cpp(301): warning C4305: '=': truncation from 'double' to 'GLfloat'
d:\computer science\computer graphics\104062106_hw_3\cg_hw3_framework\cghw3\studentid_hw_x\cg_hw1\cg_hw1\glm.cpp(302): warning C4305: '=': truncation from 'double' to 'GLfloat'
d:\computer science\computer graphics\104062106_hw_3\cg_hw3_framework\cghw3\studentid_hw_x\cg_hw1\cg_hw1\glm.cpp(303): warning C4305: '=': truncation from 'double' to 'GLfloat'
d:\computer science\computer graphics\104062106_hw_3\cg_hw3_framework\cghw3\studentid_hw_x\cg_hw1\cg_hw1\glm.cpp(305): warning C4305: '=': truncation from 'double' to 'GLfloat'
d:\computer science\computer graphics\104062106_hw_3\cg_hw3_framework\cghw3\studentid_hw_x\cg_hw1\cg_hw1\glm.cpp(306): warning C4305: '=': truncation from 'double' to 'GLfloat'
d:\computer science\computer graphics\104062106_hw_3\cg_hw3_framework\cghw3\studentid_hw_x\cg_hw1\cg_hw1\glm.cpp(307): warning C4305: '=': truncation from 'double' to 'GLfloat'
d:\computer science\computer graphics\104062106_hw_3\cg_hw3_framework\cghw3\studentid_hw_x\cg_hw1\cg_hw1\glm.cpp(264): warning C4996: 'fopen': This function or variable may be unsafe. Consider using fopen_s instead. To disable deprecation, use _CRT_SECURE_NO_WARNINGS. See online help for details.
  c:\program files (x86)\windows kits\10\include\10.0.16299.0\ucrt\stdio.h(207): note: see declaration of 'fopen'
d:\computer science\computer graphics\104062106_hw_3\cg_hw3_framework\cghw3\studentid_hw_x\cg_hw1\cg_hw1\glm.cpp(274): warning C4996: 'fscanf': This function or variable may be unsafe. Consider using fscanf_s instead. To disable deprecation, use _CRT_SECURE_NO_WARNINGS. See online help for details.
  c:\program files (x86)\windows kits\10\include\10.0.16299.0\ucrt\stdio.h(1195): note: see declaration of 'fscanf'
d:\computer science\computer graphics\104062106_hw_3\cg_hw3_framework\cghw3\studentid_hw_x\cg_hw1\cg_hw1\glm.cpp(283): warning C4996: 'sscanf': This function or variable may be unsafe. Consider using sscanf_s instead. To disable deprecation, use _CRT_SECURE_NO_WARNINGS. See online help for details.
  c:\program files (x86)\windows kits\10\include\10.0.16299.0\ucrt\stdio.h(2261): note: see declaration of 'sscanf'
d:\computer science\computer graphics\104062106_hw_3\cg_hw3_framework\cghw3\studentid_hw_x\cg_hw1\cg_hw1\glm.cpp(314): warning C4996: 'strdup': The POSIX name for this item is deprecated. Instead, use the ISO C and C++ conformant name: _strdup. See online help for details.
  c:\program files (x86)\windows kits\10\include\10.0.16299.0\ucrt\string.h(538): note: see declaration of 'strdup'
d:\computer science\computer graphics\104062106_hw_3\cg_hw3_framework\cghw3\studentid_hw_x\cg_hw1\cg_hw1\glm.cpp(318): warning C4996: 'fscanf': This function or variable may be unsafe. Consider using fscanf_s instead. To disable deprecation, use _CRT_SECURE_NO_WARNINGS. See online help for details.
  c:\program files (x86)\windows kits\10\include\10.0.16299.0\ucrt\stdio.h(1195): note: see declaration of 'fscanf'
d:\computer science\computer graphics\104062106_hw_3\cg_hw3_framework\cghw3\studentid_hw_x\cg_hw1\cg_hw1\glm.cpp(326): warning C4996: 'sscanf': This function or variable may be unsafe. Consider using sscanf_s instead. To disable deprecation, use _CRT_SECURE_NO_WARNINGS. See online help for details.
  c:\program files (x86)\windows kits\10\include\10.0.16299.0\ucrt\stdio.h(2261): note: see declaration of 'sscanf'
d:\computer science\computer graphics\104062106_hw_3\cg_hw3_framework\cghw3\studentid_hw_x\cg_hw1\cg_hw1\glm.cpp(328): warning C4996: 'strdup': The POSIX name for this item is deprecated. Instead, use the ISO C and C++ conformant name: _strdup. See online help for details.
  c:\program files (x86)\windows kits\10\include\10.0.16299.0\ucrt\string.h(538): note: see declaration of 'strdup'
d:\computer science\computer graphics\104062106_hw_3\cg_hw3_framework\cghw3\studentid_hw_x\cg_hw1\cg_hw1\glm.cpp(332): warning C4996: 'fscanf': This function or variable may be unsafe. Consider using fscanf_s instead. To disable deprecation, use _CRT_SECURE_NO_WARNINGS. See online help for details.
  c:\program files (x86)\windows kits\10\include\10.0.16299.0\ucrt\stdio.h(1195): note: see declaration of 'fscanf'
d:\computer science\computer graphics\104062106_hw_3\cg_hw3_framework\cghw3\studentid_hw_x\cg_hw1\cg_hw1\glm.cpp(338): warning C4996: 'fscanf': This function or variable may be unsafe. Consider using fscanf_s instead. To disable deprecation, use _CRT_SECURE_NO_WARNINGS. See online help for details.
  c:\program files (x86)\windows kits\10\include\10.0.16299.0\ucrt\stdio.h(1195): note: see declaration of 'fscanf'
d:\computer science\computer graphics\104062106_hw_3\cg_hw3_framework\cghw3\studentid_hw_x\cg_hw1\cg_hw1\glm.cpp(341): warning C4996: 'fscanf': This function or variable may be unsafe. Consider using fscanf_s instead. To disable deprecation, use _CRT_SECURE_NO_WARNINGS. See online help for details.
  c:\program files (x86)\windows kits\10\include\10.0.16299.0\ucrt\stdio.h(1195): note: see declaration of 'fscanf'
d:\computer science\computer graphics\104062106_hw_3\cg_hw3_framework\cghw3\studentid_hw_x\cg_hw1\cg_hw1\glm.cpp(349): warning C4996: 'fscanf': This function or variable may be unsafe. Consider using fscanf_s instead. To disable deprecation, use _CRT_SECURE_NO_WARNINGS. See online help for details.
  c:\program files (x86)\windows kits\10\include\10.0.16299.0\ucrt\stdio.h(1195): note: see declaration of 'fscanf'
d:\computer science\computer graphics\104062106_hw_3\cg_hw3_framework\cghw3\studentid_hw_x\cg_hw1\cg_hw1\glm.cpp(355): warning C4996: 'fscanf': This function or variable may be unsafe. Consider using fscanf_s instead. To disable deprecation, use _CRT_SECURE_NO_WARNINGS. See online help for details.
  c:\program files (x86)\windows kits\10\include\10.0.16299.0\ucrt\stdio.h(1195): note: see declaration of 'fscanf'
d:\computer science\computer graphics\104062106_hw_3\cg_hw3_framework\cghw3\studentid_hw_x\cg_hw1\cg_hw1\glm.cpp(361): warning C4996: 'fscanf': This function or variable may be unsafe. Consider using fscanf_s instead. To disable deprecation, use _CRT_SECURE_NO_WARNINGS. See online help for details.
  c:\program files (x86)\windows kits\10\include\10.0.16299.0\ucrt\stdio.h(1195): note: see declaration of 'fscanf'
d:\computer science\computer graphics\104062106_hw_3\cg_hw3_framework\cghw3\studentid_hw_x\cg_hw1\cg_hw1\glm.cpp(399): warning C4996: 'strcpy': This function or variable may be unsafe. Consider using strcpy_s instead. To disable deprecation, use _CRT_SECURE_NO_WARNINGS. See online help for details.
  c:\program files (x86)\windows kits\10\include\10.0.16299.0\ucrt\string.h(132): note: see declaration of 'strcpy'
d:\computer science\computer graphics\104062106_hw_3\cg_hw3_framework\cghw3\studentid_hw_x\cg_hw1\cg_hw1\glm.cpp(400): warning C4996: 'strcat': This function or variable may be unsafe. Consider using strcat_s instead. To disable deprecation, use _CRT_SECURE_NO_WARNINGS. See online help for details.
  c:\program files (x86)\windows kits\10\include\10.0.16299.0\ucrt\string.h(89): note: see declaration of 'strcat'
d:\computer science\computer graphics\104062106_hw_3\cg_hw3_framework\cghw3\studentid_hw_x\cg_hw1\cg_hw1\glm.cpp(404): warning C4996: 'fopen': This function or variable may be unsafe. Consider using fopen_s instead. To disable deprecation, use _CRT_SECURE_NO_WARNINGS. See online help for details.
  c:\program files (x86)\windows kits\10\include\10.0.16299.0\ucrt\stdio.h(207): note: see declaration of 'fopen'
d:\computer science\computer graphics\104062106_hw_3\cg_hw3_framework\cghw3\studentid_hw_x\cg_hw1\cg_hw1\glm.cpp(455): warning C4996: 'fscanf': This function or variable may be unsafe. Consider using fscanf_s instead. To disable deprecation, use _CRT_SECURE_NO_WARNINGS. See online help for details.
  c:\program files (x86)\windows kits\10\include\10.0.16299.0\ucrt\stdio.h(1195): note: see declaration of 'fscanf'
d:\computer science\computer graphics\104062106_hw_3\cg_hw3_framework\cghw3\studentid_hw_x\cg_hw1\cg_hw1\glm.cpp(486): warning C4996: 'sscanf': This function or variable may be unsafe. Consider using sscanf_s instead. To disable deprecation, use _CRT_SECURE_NO_WARNINGS. See online help for details.
  c:\program files (x86)\windows kits\10\include\10.0.16299.0\ucrt\stdio.h(2261): note: see declaration of 'sscanf'
d:\computer science\computer graphics\104062106_hw_3\cg_hw3_framework\cghw3\studentid_hw_x\cg_hw1\cg_hw1\glm.cpp(487): warning C4996: 'strdup': The POSIX name for this item is deprecated. Instead, use the ISO C and C++ conformant name: _strdup. See online help for details.
  c:\program files (x86)\windows kits\10\include\10.0.16299.0\ucrt\string.h(538): note: see declaration of 'strdup'
d:\computer science\computer graphics\104062106_hw_3\cg_hw3_framework\cghw3\studentid_hw_x\cg_hw1\cg_hw1\glm.cpp(493): warning C4996: 'sscanf': This function or variable may be unsafe. Consider using sscanf_s instead. To disable deprecation, use _CRT_SECURE_NO_WARNINGS. See online help for details.
  c:\program files (x86)\windows kits\10\include\10.0.16299.0\ucrt\stdio.h(2261): note: see declaration of 'sscanf'
d:\computer science\computer graphics\104062106_hw_3\cg_hw3_framework\cghw3\studentid_hw_x\cg_hw1\cg_hw1\glm.cpp(511): warning C4996: 'fscanf': This function or variable may be unsafe. Consider using fscanf_s instead. To disable deprecation, use _CRT_SECURE_NO_WARNINGS. See online help for details.
  c:\program files (x86)\windows kits\10\include\10.0.16299.0\ucrt\stdio.h(1195): note: see declaration of 'fscanf'
d:\computer science\computer graphics\104062106_hw_3\cg_hw3_framework\cghw3\studentid_hw_x\cg_hw1\cg_hw1\glm.cpp(515): warning C4996: 'sscanf': This function or variable may be unsafe. Consider using sscanf_s instead. To disable deprecation, use _CRT_SECURE_NO_WARNINGS. See online help for details.
  c:\program files (x86)\windows kits\10\include\10.0.16299.0\ucrt\stdio.h(2261): note: see declaration of 'sscanf'
d:\computer science\computer graphics\104062106_hw_3\cg_hw3_framework\cghw3\studentid_hw_x\cg_hw1\cg_hw1\glm.cpp(516): warning C4996: 'fscanf': This function or variable may be unsafe. Consider using fscanf_s instead. To disable deprecation, use _CRT_SECURE_NO_WARNINGS. See online help for details.
  c:\program files (x86)\windows kits\10\include\10.0.16299.0\ucrt\stdio.h(1195): note: see declaration of 'fscanf'
d:\computer science\computer graphics\104062106_hw_3\cg_hw3_framework\cghw3\studentid_hw_x\cg_hw1\cg_hw1\glm.cpp(517): warning C4996: 'fscanf': This function or variable may be unsafe. Consider using fscanf_s instead. To disable deprecation, use _CRT_SECURE_NO_WARNINGS. See online help for details.
  c:\program files (x86)\windows kits\10\include\10.0.16299.0\ucrt\stdio.h(1195): note: see declaration of 'fscanf'
d:\computer science\computer graphics\104062106_hw_3\cg_hw3_framework\cghw3\studentid_hw_x\cg_hw1\cg_hw1\glm.cpp(520): warning C4996: 'fscanf': This function or variable may be unsafe. Consider using fscanf_s instead. To disable deprecation, use _CRT_SECURE_NO_WARNINGS. See online help for details.
  c:\program files (x86)\windows kits\10\include\10.0.16299.0\ucrt\stdio.h(1195): note: see declaration of 'fscanf'
d:\computer science\computer graphics\104062106_hw_3\cg_hw3_framework\cghw3\studentid_hw_x\cg_hw1\cg_hw1\glm.cpp(524): warning C4996: 'sscanf': This function or variable may be unsafe. Consider using sscanf_s instead. To disable deprecation, use _CRT_SECURE_NO_WARNINGS. See online help for details.
  c:\program files (x86)\windows kits\10\include\10.0.16299.0\ucrt\stdio.h(2261): note: see declaration of 'sscanf'
d:\computer science\computer graphics\104062106_hw_3\cg_hw3_framework\cghw3\studentid_hw_x\cg_hw1\cg_hw1\glm.cpp(526): warning C4996: 'fscanf': This function or variable may be unsafe. Consider using fscanf_s instead. To disable deprecation, use _CRT_SECURE_NO_WARNINGS. See online help for details.
  c:\program files (x86)\windows kits\10\include\10.0.16299.0\ucrt\stdio.h(1195): note: see declaration of 'fscanf'
d:\computer science\computer graphics\104062106_hw_3\cg_hw3_framework\cghw3\studentid_hw_x\cg_hw1\cg_hw1\glm.cpp(527): warning C4996: 'fscanf': This function or variable may be unsafe. Consider using fscanf_s instead. To disable deprecation, use _CRT_SECURE_NO_WARNINGS. See online help for details.
  c:\program files (x86)\windows kits\10\include\10.0.16299.0\ucrt\stdio.h(1195): note: see declaration of 'fscanf'
d:\computer science\computer graphics\104062106_hw_3\cg_hw3_framework\cghw3\studentid_hw_x\cg_hw1\cg_hw1\glm.cpp(530): warning C4996: 'fscanf': This function or variable may be unsafe. Consider using fscanf_s instead. To disable deprecation, use _CRT_SECURE_NO_WARNINGS. See online help for details.
  c:\program files (x86)\windows kits\10\include\10.0.16299.0\ucrt\stdio.h(1195): note: see declaration of 'fscanf'
d:\computer science\computer graphics\104062106_hw_3\cg_hw3_framework\cghw3\studentid_hw_x\cg_hw1\cg_hw1\glm.cpp(534): warning C4996: 'sscanf': This function or variable may be unsafe. Consider using sscanf_s instead. To disable deprecation, use _CRT_SECURE_NO_WARNINGS. See online help for details.
  c:\program files (x86)\windows kits\10\include\10.0.16299.0\ucrt\stdio.h(2261): note: see declaration of 'sscanf'
d:\computer science\computer graphics\104062106_hw_3\cg_hw3_framework\cghw3\studentid_hw_x\cg_hw1\cg_hw1\glm.cpp(536): warning C4996: 'fscanf': This function or variable may be unsafe. Consider using fscanf_s instead. To disable deprecation, use _CRT_SECURE_NO_WARNINGS. See online help for details.
  c:\program files (x86)\windows kits\10\include\10.0.16299.0\ucrt\stdio.h(1195): note: see declaration of 'fscanf'
d:\computer science\computer graphics\104062106_hw_3\cg_hw3_framework\cghw3\studentid_hw_x\cg_hw1\cg_hw1\glm.cpp(537): warning C4996: 'fscanf': This function or variable may be unsafe. Consider using fscanf_s instead. To disable deprecation, use _CRT_SECURE_NO_WARNINGS. See online help for details.
  c:\program files (x86)\windows kits\10\include\10.0.16299.0\ucrt\stdio.h(1195): note: see declaration of 'fscanf'
d:\computer science\computer graphics\104062106_hw_3\cg_hw3_framework\cghw3\studentid_hw_x\cg_hw1\cg_hw1\glm.cpp(540): warning C4996: 'fscanf': This function or variable may be unsafe. Consider using fscanf_s instead. To disable deprecation, use _CRT_SECURE_NO_WARNINGS. See online help for details.
  c:\program files (x86)\windows kits\10\include\10.0.16299.0\ucrt\stdio.h(1195): note: see declaration of 'fscanf'
d:\computer science\computer graphics\104062106_hw_3\cg_hw3_framework\cghw3\studentid_hw_x\cg_hw1\cg_hw1\glm.cpp(546): warning C4996: 'fscanf': This function or variable may be unsafe. Consider using fscanf_s instead. To disable deprecation, use _CRT_SECURE_NO_WARNINGS. See online help for details.
  c:\program files (x86)\windows kits\10\include\10.0.16299.0\ucrt\stdio.h(1195): note: see declaration of 'fscanf'
d:\computer science\computer graphics\104062106_hw_3\cg_hw3_framework\cghw3\studentid_hw_x\cg_hw1\cg_hw1\glm.cpp(547): warning C4996: 'fscanf': This function or variable may be unsafe. Consider using fscanf_s instead. To disable deprecation, use _CRT_SECURE_NO_WARNINGS. See online help for details.
  c:\program files (x86)\windows kits\10\include\10.0.16299.0\ucrt\stdio.h(1195): note: see declaration of 'fscanf'
d:\computer science\computer graphics\104062106_hw_3\cg_hw3_framework\cghw3\studentid_hw_x\cg_hw1\cg_hw1\glm.cpp(550): warning C4996: 'fscanf': This function or variable may be unsafe. Consider using fscanf_s instead. To disable deprecation, use _CRT_SECURE_NO_WARNINGS. See online help for details.
  c:\program files (x86)\windows kits\10\include\10.0.16299.0\ucrt\stdio.h(1195): note: see declaration of 'fscanf'
d:\computer science\computer graphics\104062106_hw_3\cg_hw3_framework\cghw3\studentid_hw_x\cg_hw1\cg_hw1\glm.cpp(613): warning C4996: 'fscanf': This function or variable may be unsafe. Consider using fscanf_s instead. To disable deprecation, use _CRT_SECURE_NO_WARNINGS. See online help for details.
  c:\program files (x86)\windows kits\10\include\10.0.16299.0\ucrt\stdio.h(1195): note: see declaration of 'fscanf'
d:\computer science\computer graphics\104062106_hw_3\cg_hw3_framework\cghw3\studentid_hw_x\cg_hw1\cg_hw1\glm.cpp(622): warning C4996: 'fscanf': This function or variable may be unsafe. Consider using fscanf_s instead. To disable deprecation, use _CRT_SECURE_NO_WARNINGS. See online help for details.
  c:\program files (x86)\windows kits\10\include\10.0.16299.0\ucrt\stdio.h(1195): note: see declaration of 'fscanf'
d:\computer science\computer graphics\104062106_hw_3\cg_hw3_framework\cghw3\studentid_hw_x\cg_hw1\cg_hw1\glm.cpp(627): warning C4996: 'fscanf': This function or variable may be unsafe. Consider using fscanf_s instead. To disable deprecation, use _CRT_SECURE_NO_WARNINGS. See online help for details.
  c:\program files (x86)\windows kits\10\include\10.0.16299.0\ucrt\stdio.h(1195): note: see declaration of 'fscanf'
d:\computer science\computer graphics\104062106_hw_3\cg_hw3_framework\cghw3\studentid_hw_x\cg_hw1\cg_hw1\glm.cpp(629): warning C4996: 'fscanf': This function or variable may be unsafe. Consider using fscanf_s instead. To disable deprecation, use _CRT_SECURE_NO_WARNINGS. See online help for details.
  c:\program files (x86)\windows kits\10\include\10.0.16299.0\ucrt\stdio.h(1195): note: see declaration of 'fscanf'
d:\computer science\computer graphics\104062106_hw_3\cg_hw3_framework\cghw3\studentid_hw_x\cg_hw1\cg_hw1\glm.cpp(638): warning C4996: 'fscanf': This function or variable may be unsafe. Consider using fscanf_s instead. To disable deprecation, use _CRT_SECURE_NO_WARNINGS. See online help for details.
  c:\program files (x86)\windows kits\10\include\10.0.16299.0\ucrt\stdio.h(1195): note: see declaration of 'fscanf'
d:\computer science\computer graphics\104062106_hw_3\cg_hw3_framework\cghw3\studentid_hw_x\cg_hw1\cg_hw1\glm.cpp(645): warning C4996: 'fscanf': This function or variable may be unsafe. Consider using fscanf_s instead. To disable deprecation, use _CRT_SECURE_NO_WARNINGS. See online help for details.
  c:\program files (x86)\windows kits\10\include\10.0.16299.0\ucrt\stdio.h(1195): note: see declaration of 'fscanf'
d:\computer science\computer graphics\104062106_hw_3\cg_hw3_framework\cghw3\studentid_hw_x\cg_hw1\cg_hw1\glm.cpp(654): warning C4996: 'sscanf': This function or variable may be unsafe. Consider using sscanf_s instead. To disable deprecation, use _CRT_SECURE_NO_WARNINGS. See online help for details.
  c:\program files (x86)\windows kits\10\include\10.0.16299.0\ucrt\stdio.h(2261): note: see declaration of 'sscanf'
d:\computer science\computer graphics\104062106_hw_3\cg_hw3_framework\cghw3\studentid_hw_x\cg_hw1\cg_hw1\glm.cpp(671): warning C4996: 'fscanf': This function or variable may be unsafe. Consider using fscanf_s instead. To disable deprecation, use _CRT_SECURE_NO_WARNINGS. See online help for details.
  c:\program files (x86)\windows kits\10\include\10.0.16299.0\ucrt\stdio.h(1195): note: see declaration of 'fscanf'
d:\computer science\computer graphics\104062106_hw_3\cg_hw3_framework\cghw3\studentid_hw_x\cg_hw1\cg_hw1\glm.cpp(675): warning C4996: 'sscanf': This function or variable may be unsafe. Consider using sscanf_s instead. To disable deprecation, use _CRT_SECURE_NO_WARNINGS. See online help for details.
  c:\program files (x86)\windows kits\10\include\10.0.16299.0\ucrt\stdio.h(2261): note: see declaration of 'sscanf'
d:\computer science\computer graphics\104062106_hw_3\cg_hw3_framework\cghw3\studentid_hw_x\cg_hw1\cg_hw1\glm.cpp(678): warning C4996: 'fscanf': This function or variable may be unsafe. Consider using fscanf_s instead. To disable deprecation, use _CRT_SECURE_NO_WARNINGS. See online help for details.
  c:\program files (x86)\windows kits\10\include\10.0.16299.0\ucrt\stdio.h(1195): note: see declaration of 'fscanf'
d:\computer science\computer graphics\104062106_hw_3\cg_hw3_framework\cghw3\studentid_hw_x\cg_hw1\cg_hw1\glm.cpp(681): warning C4996: 'fscanf': This function or variable may be unsafe. Consider using fscanf_s instead. To disable deprecation, use _CRT_SECURE_NO_WARNINGS. See online help for details.
  c:\program files (x86)\windows kits\10\include\10.0.16299.0\ucrt\stdio.h(1195): note: see declaration of 'fscanf'
d:\computer science\computer graphics\104062106_hw_3\cg_hw3_framework\cghw3\studentid_hw_x\cg_hw1\cg_hw1\glm.cpp(686): warning C4996: 'fscanf': This function or variable may be unsafe. Consider using fscanf_s instead. To disable deprecation, use _CRT_SECURE_NO_WARNINGS. See online help for details.
  c:\program files (x86)\windows kits\10\include\10.0.16299.0\ucrt\stdio.h(1195): note: see declaration of 'fscanf'
d:\computer science\computer graphics\104062106_hw_3\cg_hw3_framework\cghw3\studentid_hw_x\cg_hw1\cg_hw1\glm.cpp(696): warning C4996: 'sscanf': This function or variable may be unsafe. Consider using sscanf_s instead. To disable deprecation, use _CRT_SECURE_NO_WARNINGS. See online help for details.
  c:\program files (x86)\windows kits\10\include\10.0.16299.0\ucrt\stdio.h(2261): note: see declaration of 'sscanf'
d:\computer science\computer graphics\104062106_hw_3\cg_hw3_framework\cghw3\studentid_hw_x\cg_hw1\cg_hw1\glm.cpp(701): warning C4996: 'fscanf': This function or variable may be unsafe. Consider using fscanf_s instead. To disable deprecation, use _CRT_SECURE_NO_WARNINGS. See online help for details.
  c:\program files (x86)\windows kits\10\include\10.0.16299.0\ucrt\stdio.h(1195): note: see declaration of 'fscanf'
d:\computer science\computer graphics\104062106_hw_3\cg_hw3_framework\cghw3\studentid_hw_x\cg_hw1\cg_hw1\glm.cpp(705): warning C4996: 'fscanf': This function or variable may be unsafe. Consider using fscanf_s instead. To disable deprecation, use _CRT_SECURE_NO_WARNINGS. See online help for details.
  c:\program files (x86)\windows kits\10\include\10.0.16299.0\ucrt\stdio.h(1195): note: see declaration of 'fscanf'
d:\computer science\computer graphics\104062106_hw_3\cg_hw3_framework\cghw3\studentid_hw_x\cg_hw1\cg_hw1\glm.cpp(711): warning C4996: 'fscanf': This function or variable may be unsafe. Consider using fscanf_s instead. To disable deprecation, use _CRT_SECURE_NO_WARNINGS. See online help for details.
  c:\program files (x86)\windows kits\10\include\10.0.16299.0\ucrt\stdio.h(1195): note: see declaration of 'fscanf'
d:\computer science\computer graphics\104062106_hw_3\cg_hw3_framework\cghw3\studentid_hw_x\cg_hw1\cg_hw1\glm.cpp(724): warning C4996: 'sscanf': This function or variable may be unsafe. Consider using sscanf_s instead. To disable deprecation, use _CRT_SECURE_NO_WARNINGS. See online help for details.
  c:\program files (x86)\windows kits\10\include\10.0.16299.0\ucrt\stdio.h(2261): note: see declaration of 'sscanf'
d:\computer science\computer graphics\104062106_hw_3\cg_hw3_framework\cghw3\studentid_hw_x\cg_hw1\cg_hw1\glm.cpp(728): warning C4996: 'fscanf': This function or variable may be unsafe. Consider using fscanf_s instead. To disable deprecation, use _CRT_SECURE_NO_WARNINGS. See online help for details.
  c:\program files (x86)\windows kits\10\include\10.0.16299.0\ucrt\stdio.h(1195): note: see declaration of 'fscanf'
d:\computer science\computer graphics\104062106_hw_3\cg_hw3_framework\cghw3\studentid_hw_x\cg_hw1\cg_hw1\glm.cpp(731): warning C4996: 'fscanf': This function or variable may be unsafe. Consider using fscanf_s instead. To disable deprecation, use _CRT_SECURE_NO_WARNINGS. See online help for details.
  c:\program files (x86)\windows kits\10\include\10.0.16299.0\ucrt\stdio.h(1195): note: see declaration of 'fscanf'
d:\computer science\computer graphics\104062106_hw_3\cg_hw3_framework\cghw3\studentid_hw_x\cg_hw1\cg_hw1\glm.cpp(736): warning C4996: 'fscanf': This function or variable may be unsafe. Consider using fscanf_s instead. To disable deprecation, use _CRT_SECURE_NO_WARNINGS. See online help for details.
  c:\program files (x86)\windows kits\10\include\10.0.16299.0\ucrt\stdio.h(1195): note: see declaration of 'fscanf'
d:\computer science\computer graphics\104062106_hw_3\cg_hw3_framework\cghw3\studentid_hw_x\cg_hw1\cg_hw1\glm.cpp(748): warning C4996: 'sscanf': This function or variable may be unsafe. Consider using sscanf_s instead. To disable deprecation, use _CRT_SECURE_NO_WARNINGS. See online help for details.
  c:\program files (x86)\windows kits\10\include\10.0.16299.0\ucrt\stdio.h(2261): note: see declaration of 'sscanf'
d:\computer science\computer graphics\104062106_hw_3\cg_hw3_framework\cghw3\studentid_hw_x\cg_hw1\cg_hw1\glm.cpp(750): warning C4996: 'fscanf': This function or variable may be unsafe. Consider using fscanf_s instead. To disable deprecation, use _CRT_SECURE_NO_WARNINGS. See online help for details.
  c:\program files (x86)\windows kits\10\include\10.0.16299.0\ucrt\stdio.h(1195): note: see declaration of 'fscanf'
d:\computer science\computer graphics\104062106_hw_3\cg_hw3_framework\cghw3\studentid_hw_x\cg_hw1\cg_hw1\glm.cpp(752): warning C4996: 'fscanf': This function or variable may be unsafe. Consider using fscanf_s instead. To disable deprecation, use _CRT_SECURE_NO_WARNINGS. See online help for details.
  c:\program files (x86)\windows kits\10\include\10.0.16299.0\ucrt\stdio.h(1195): note: see declaration of 'fscanf'
d:\computer science\computer graphics\104062106_hw_3\cg_hw3_framework\cghw3\studentid_hw_x\cg_hw1\cg_hw1\glm.cpp(756): warning C4996: 'fscanf': This function or variable may be unsafe. Consider using fscanf_s instead. To disable deprecation, use _CRT_SECURE_NO_WARNINGS. See online help for details.
  c:\program files (x86)\windows kits\10\include\10.0.16299.0\ucrt\stdio.h(1195): note: see declaration of 'fscanf'
d:\computer science\computer graphics\104062106_hw_3\cg_hw3_framework\cghw3\studentid_hw_x\cg_hw1\cg_hw1\glm.cpp(831): warning C4244: '=': conversion from 'double' to 'GLfloat', possible loss of data
d:\computer science\computer graphics\104062106_hw_3\cg_hw3_framework\cghw3\studentid_hw_x\cg_hw1\cg_hw1\glm.cpp(832): warning C4244: '=': conversion from 'double' to 'GLfloat', possible loss of data
d:\computer science\computer graphics\104062106_hw_3\cg_hw3_framework\cghw3\studentid_hw_x\cg_hw1\cg_hw1\glm.cpp(833): warning C4244: '=': conversion from 'double' to 'GLfloat', possible loss of data
d:\computer science\computer graphics\104062106_hw_3\cg_hw3_framework\cghw3\studentid_hw_x\cg_hw1\cg_hw1\glm.cpp(836): warning C4244: '=': conversion from 'double' to 'GLfloat', possible loss of data
d:\computer science\computer graphics\104062106_hw_3\cg_hw3_framework\cghw3\studentid_hw_x\cg_hw1\cg_hw1\glm.cpp(1036): warning C4244: '=': conversion from 'double' to 'GLfloat', possible loss of data
d:\computer science\computer graphics\104062106_hw_3\cg_hw3_framework\cghw3\studentid_hw_x\cg_hw1\cg_hw1\glm.cpp(1374): warning C4018: '<': signed/unsigned mismatch
d:\computer science\computer graphics\104062106_hw_3\cg_hw3_framework\cghw3\studentid_hw_x\cg_hw1\cg_hw1\glm.cpp(1335): warning C4996: 'fopen': This function or variable may be unsafe. Consider using fopen_s instead. To disable deprecation, use _CRT_SECURE_NO_WARNINGS. See online help for details.
  c:\program files (x86)\windows kits\10\include\10.0.16299.0\ucrt\stdio.h(207): note: see declaration of 'fopen'
d:\computer science\computer graphics\104062106_hw_3\cg_hw3_framework\cghw3\studentid_hw_x\cg_hw1\cg_hw1\glm.cpp(1345): warning C4996: 'strdup': The POSIX name for this item is deprecated. Instead, use the ISO C and C++ conformant name: _strdup. See online help for details.
  c:\program files (x86)\windows kits\10\include\10.0.16299.0\ucrt\string.h(538): note: see declaration of 'strdup'
d:\computer science\computer graphics\104062106_hw_3\cg_hw3_framework\cghw3\studentid_hw_x\cg_hw1\cg_hw1\glm.cpp(1462): warning C4996: 'fopen': This function or variable may be unsafe. Consider using fopen_s instead. To disable deprecation, use _CRT_SECURE_NO_WARNINGS. See online help for details.
  c:\program files (x86)\windows kits\10\include\10.0.16299.0\ucrt\stdio.h(207): note: see declaration of 'fopen'
d:\computer science\computer graphics\104062106_hw_3\cg_hw3_framework\cghw3\studentid_hw_x\cg_hw1\cg_hw1\glm.cpp(1518): warning C4477: 'fprintf' : format string '%d' requires an argument of type 'int', but variadic argument 1 has type 'GLfloat *'
d:\computer science\computer graphics\104062106_hw_3\cg_hw3_framework\cghw3\studentid_hw_x\cg_hw1\cg_hw1\glm.cpp(1833): warning C4996: 'fopen': This function or variable may be unsafe. Consider using fopen_s instead. To disable deprecation, use _CRT_SECURE_NO_WARNINGS. See online help for details.
  c:\program files (x86)\windows kits\10\include\10.0.16299.0\ucrt\stdio.h(207): note: see declaration of 'fopen'
d:\computer science\computer graphics\104062106_hw_3\cg_hw3_framework\cghw3\studentid_hw_x\cg_hw1\cg_hw1\glm.cpp(1854): warning C4996: 'sscanf': This function or variable may be unsafe. Consider using sscanf_s instead. To disable deprecation, use _CRT_SECURE_NO_WARNINGS. See online help for details.
  c:\program files (x86)\windows kits\10\include\10.0.16299.0\ucrt\stdio.h(2261): note: see declaration of 'sscanf'
d:\computer science\computer graphics\104062106_hw_3\cg_hw3_framework\cghw3\studentid_hw_x\cg_hw1\cg_hw1\glm.cpp(1856): warning C4996: 'sscanf': This function or variable may be unsafe. Consider using sscanf_s instead. To disable deprecation, use _CRT_SECURE_NO_WARNINGS. See online help for details.
  c:\program files (x86)\windows kits\10\include\10.0.16299.0\ucrt\stdio.h(2261): note: see declaration of 'sscanf'
d:\computer science\computer graphics\104062106_hw_3\cg_hw3_framework\cghw3\studentid_hw_x\cg_hw1\cg_hw1\glm.cpp(1858): warning C4996: 'sscanf': This function or variable may be unsafe. Consider using sscanf_s instead. To disable deprecation, use _CRT_SECURE_NO_WARNINGS. See online help for details.
  c:\program files (x86)\windows kits\10\include\10.0.16299.0\ucrt\stdio.h(2261): note: see declaration of 'sscanf'
  main.cpp
d:\computer science\computer graphics\104062106_hw_3\cg_hw3_framework\cghw3\studentid_hw_x\cg_hw1\cg_hw1\main.cpp(116): warning C4996: 'fopen': This function or variable may be unsafe. Consider using fopen_s instead. To disable deprecation, use _CRT_SECURE_NO_WARNINGS. See online help for details.
  c:\program files (x86)\windows kits\10\include\10.0.16299.0\ucrt\stdio.h(207): note: see declaration of 'fopen'
d:\computer science\computer graphics\104062106_hw_3\cg_hw3_framework\cghw3\studentid_hw_x\cg_hw1\cg_hw1\main.cpp(217): warning C4244: '=': conversion from 'double' to 'float', possible loss of data
d:\computer science\computer graphics\104062106_hw_3\cg_hw3_framework\cghw3\studentid_hw_x\cg_hw1\cg_hw1\main.cpp(287): warning C4018: '<': signed/unsigned mismatch
d:\computer science\computer graphics\104062106_hw_3\cg_hw3_framework\cghw3\studentid_hw_x\cg_hw1\cg_hw1\main.cpp(294): warning C4838: conversion from 'GLuint' to 'int' requires a narrowing conversion
d:\computer science\computer graphics\104062106_hw_3\cg_hw3_framework\cghw3\studentid_hw_x\cg_hw1\cg_hw1\main.cpp(299): warning C4838: conversion from 'GLuint' to 'int' requires a narrowing conversion
d:\computer science\computer graphics\104062106_hw_3\cg_hw3_framework\cghw3\studentid_hw_x\cg_hw1\cg_hw1\main.cpp(267): warning C4996: 'fopen': This function or variable may be unsafe. Consider using fopen_s instead. To disable deprecation, use _CRT_SECURE_NO_WARNINGS. See online help for details.
  c:\program files (x86)\windows kits\10\include\10.0.16299.0\ucrt\stdio.h(207): note: see declaration of 'fopen'
d:\computer science\computer graphics\104062106_hw_3\cg_hw3_framework\cghw3\studentid_hw_x\cg_hw1\cg_hw1\main.cpp(583): warning C4244: 'return': conversion from 'double' to 'float', possible loss of data
d:\computer science\computer graphics\104062106_hw_3\cg_hw3_framework\cghw3\studentid_hw_x\cg_hw1\cg_hw1\main.cpp(588): warning C4244: 'return': conversion from 'double' to 'float', possible loss of data
d:\computer science\computer graphics\104062106_hw_3\cg_hw3_framework\cghw3\studentid_hw_x\cg_hw1\cg_hw1\main.cpp(736): warning C4018: '<': signed/unsigned mismatch
d:\computer science\computer graphics\104062106_hw_3\cg_hw3_framework\cghw3\studentid_hw_x\cg_hw1\cg_hw1\main.cpp(788): warning C4018: '<': signed/unsigned mismatch
  Matrices.cpp
d:\computer science\computer graphics\104062106_hw_3\cg_hw3_framework\cghw3\studentid_hw_x\cg_hw1\cg_hw1\matrices.cpp(457): warning C4244: 'argument': conversion from 'double' to 'float', possible loss of data
d:\computer science\computer graphics\104062106_hw_3\cg_hw3_framework\cghw3\studentid_hw_x\cg_hw1\cg_hw1\matrices.cpp(458): warning C4244: 'argument': conversion from 'double' to 'float', possible loss of data
  textfile.cpp
  Generating code
  302 of 311 functions (97.1%) were compiled, the rest were copied from previous compilation.
    6 functions were new in current compilation
    0 functions had inline decision re-evaluated but remain unchanged
  Finished generating code
  CG_HW1.vcxproj -> D:\Computer Science\Computer Graphics\104062106_HW_3\CG_HW3_Framework\CGHW3\StudentID_HW_x\CG_HW1\Release\CG_HW1.exe
